<?xml version="1.0" encoding="UTF-8"?>
<testsuite name="Sample Test"
           tests="2"
           failures="1"
           errors="0"
           skipped="1"
           time="0.000">
  <properties />
            <testcase name="" time="0.000" classname="util.ExecuteTestCases ()">
                <failure type="java.lang.NullPointerException"
                  message="(null)"
              >
<![CDATA[java.lang.NullPointerException
  util.ExcelLibrary.getNumberOfSheetsinSuite(ExcelLibrary.java:77)
  util.ExcelAction.readTestSuite(ExcelAction.java:226)
  util.ExecuteTestCases.setup(ExecuteTestCases.java:64)
  sun.reflect.NativeMethodAccessorImpl.invoke0(Native Method)
  sun.reflect.NativeMethodAccessorImpl.invoke(NativeMethodAccessorImpl.java:62)
  sun.reflect.DelegatingMethodAccessorImpl.invoke(DelegatingMethodAccessorImpl.java:43)
  java.lang.reflect.Method.invoke(Method.java:498)
  org.testng.internal.MethodInvocationHelper.invokeMethod(MethodInvocationHelper.java:80)
  org.testng.internal.Invoker.invokeConfigurationMethod(Invoker.java:564)
  org.testng.internal.Invoker.invokeConfigurations(Invoker.java:213)
  org.testng.internal.Invoker.invokeConfigurations(Invoker.java:138)
  org.testng.internal.TestMethodWorker.invokeBeforeClassMethods(TestMethodWorker.java:175)
  org.testng.internal.TestMethodWorker.run(TestMethodWorker.java:107)
  org.testng.TestRunner.privateRun(TestRunner.java:767)
  org.testng.TestRunner.run(TestRunner.java:617)
  org.testng.SuiteRunner.runTest(SuiteRunner.java:334)
  org.testng.SuiteRunner.runSequentially(SuiteRunner.java:329)
  org.testng.SuiteRunner.privateRun(SuiteRunner.java:291)
  org.testng.SuiteRunner.run(SuiteRunner.java:240)
  org.testng.SuiteRunnerWorker.runSuite(SuiteRunnerWorker.java:52)
  org.testng.SuiteRunnerWorker.run(SuiteRunnerWorker.java:86)
  org.testng.TestNG.runSuitesSequentially(TestNG.java:1198)
  org.testng.TestNG.runSuitesLocally(TestNG.java:1123)
  org.testng.TestNG.run(TestNG.java:1031)
  util.MainTestNG.testng(MainTestNG.java:119)
  util.MainTestNG.main(MainTestNG.java:77)
]]>
      </failure>

          </testcase>
  
            <testcase name="" time="0.0" classname="util.ExecuteTestCases ()">
          <skipped />
    </testcase>
  
  
</testsuite>
